  Building Custom Rule E:/GPUclass/libwb-master/CMakeLists.txt
  wbArg.cpp
  wbCUDA.cpp
  wbDataset.cpp
  wbDirectory.cpp
  wbExit.cpp
  wbExport.cpp
  wbFile.cpp
  wbImage.cpp
  wbImport.cpp
  wbInit.cpp
  wbLogger.cpp
  wbMPI.cpp
  wbPPM.cpp
  wbPath.cpp
  wbSolution.cpp
  wbSparse.cpp
  wbTimer.cpp
  wbUtils.cpp
  json11.cpp
  Generating Code...
wbCUDA.obj : warning LNK4221: This object file does not define any previously undefined public symbols, so it will not be used by any link operation that consumes this library
  wb.vcxproj -> E:\GPUclass\lib4\Debug\wb.lib
